2018-07-20 02:17:49	INFO	plotms::::	Starting EVLA_pipe_finalcals.py
2018-07-20 02:18:29	INFO	flagdata::::	The pipeline will use antenna(s) ea25,ea11,ea19,ea28 as the reference
2018-07-20 02:22:24	INFO	gaincal::::	Delay calibration complete
2018-07-20 02:23:47	INFO	gaincal::::	Initial BP gain calibration complete
2018-07-20 02:26:49	INFO	bandpass::::	Bandpass calibration complete
2018-07-20 02:36:59	INFO	ParallelDataHelper::::	Center freq for spw 0 = 1052000000.0, observing band = L
2018-07-20 02:36:59	INFO	ParallelDataHelper::::	Setting model for field 2 spw 0 using 3C286_L.im
2018-07-20 02:36:59	INFO	setjy::::	Center freq for spw 1 = 1180000000.0, observing band = L
2018-07-20 02:36:59	INFO	setjy::::	Setting model for field 2 spw 1 using 3C286_L.im
2018-07-20 02:37:01	INFO	setjy::::	Center freq for spw 2 = 1308000000.0, observing band = L
2018-07-20 02:37:01	INFO	setjy::::	Setting model for field 2 spw 2 using 3C286_L.im
2018-07-20 02:37:03	INFO	setjy::::	Center freq for spw 3 = 1436000000.0, observing band = L
2018-07-20 02:37:03	INFO	setjy::::	Setting model for field 2 spw 3 using 3C286_L.im
2018-07-20 02:37:04	INFO	setjy::::	Center freq for spw 4 = 1564000000.0, observing band = L
2018-07-20 02:37:04	INFO	setjy::::	Setting model for field 2 spw 4 using 3C286_L.im
2018-07-20 02:37:04	INFO	setjy::::	Center freq for spw 5 = 1692000000.0, observing band = L
2018-07-20 02:37:04	INFO	setjy::::	Setting model for field 2 spw 5 using 3C286_L.im
2018-07-20 02:37:06	INFO	setjy::::	Center freq for spw 6 = 1820000000.0, observing band = L
2018-07-20 02:37:06	INFO	setjy::::	Setting model for field 2 spw 6 using 3C286_L.im
2018-07-20 02:37:08	INFO	setjy::::	Center freq for spw 7 = 1948000000.0, observing band = L
2018-07-20 02:37:08	INFO	setjy::::	Setting model for field 2 spw 7 using 3C286_L.im
2018-07-20 02:37:08	INFO	setjy::::	Center freq for spw 8 = 1407457156.0, observing band = L
2018-07-20 02:37:08	INFO	setjy::::	Setting model for field 2 spw 8 using 3C286_L.im
2018-07-20 02:37:09	INFO	setjy::::	Center freq for spw 9 = 1597532710.0, observing band = L
2018-07-20 02:37:09	INFO	setjy::::	Setting model for field 2 spw 9 using 3C286_L.im
2018-07-20 02:37:10	INFO	setjy::::	Center freq for spw 10 = 1650218006.0, observing band = L
2018-07-20 02:37:10	INFO	setjy::::	Setting model for field 2 spw 10 using 3C286_L.im
2018-07-20 02:37:11	INFO	setjy::::	Center freq for spw 11 = 1652160138.0, observing band = L
2018-07-20 02:37:11	INFO	setjy::::	Setting model for field 2 spw 11 using 3C286_L.im
2018-07-20 02:37:13	INFO	setjy::::	Center freq for spw 12 = 1704845434.0, observing band = L
2018-07-20 02:37:13	INFO	setjy::::	Setting model for field 2 spw 12 using 3C286_L.im
2018-07-20 02:37:15	INFO	setjy::::	J1439-1659 L fitted spectral index = -0.897470395466
2018-07-20 02:37:15	INFO	setjy::::	Frequency, data, and fitted data:
2018-07-20 02:37:15	INFO	setjy::::	    1.652160138  1.68247754875  1.67226320773
2018-07-20 02:37:15	INFO	setjy::::	    1.650218006  1.6819601178  1.67402939194
2018-07-20 02:37:15	INFO	setjy::::	    1.704845434  1.60800039204  1.62580904923
2018-07-20 02:37:15	INFO	setjy::::	    1.18  2.23224120165  2.26197604456
2018-07-20 02:37:15	INFO	setjy::::	    1.436  1.91165780895  1.89652476185
2018-07-20 02:37:15	INFO	setjy::::	    1.308  2.07465998785  2.06228164598
2018-07-20 02:37:15	INFO	setjy::::	    1.692  1.61270801136  1.63688215639
2018-07-20 02:37:15	INFO	setjy::::	    1.82  1.54107431642  1.53318161679
2018-07-20 02:37:15	INFO	setjy::::	    1.407457156  1.93243715219  1.93100675009
2018-07-20 02:37:15	INFO	setjy::::	Setting power-law fit in the model column
2018-07-20 02:37:15	INFO	setjy::::	Running setjy on spw 11
2018-07-20 02:37:16	INFO	setjy::::	Running setjy on spw 10
2018-07-20 02:37:18	INFO	setjy::::	Running setjy on spw 12
2018-07-20 02:37:20	INFO	setjy::::	Running setjy on spw 1
2018-07-20 02:37:21	INFO	setjy::::	Running setjy on spw 3
2018-07-20 02:37:23	INFO	setjy::::	Running setjy on spw 2
2018-07-20 02:37:24	INFO	setjy::::	Running setjy on spw 5
2018-07-20 02:37:26	INFO	setjy::::	Running setjy on spw 6
2018-07-20 02:37:27	INFO	setjy::::	Running setjy on spw 8
2018-07-20 02:40:44	INFO	gaincal::::	Final calibration tables created
2018-07-20 02:40:44	INFO	gaincal::::	Plotting final calibration tables
2018-07-20 02:53:20	INFO	plotcal::::	QA2 score: Pass
2018-07-20 02:53:20	INFO	plotcal::::	Finished EVLA_pipe_finalcals.py
