2018-07-20 00:09:32	INFO	plotms::::	Starting EVLA_pipe_flag_baddeformatters.py
2018-07-20 00:09:32	INFO	plotms::::	Will test on quantity: amp
2018-07-20 00:09:32	INFO	plotms::::	Will test using statistic: rat
2018-07-20 00:09:32	INFO	plotms::::	Will flag values under limit = 0.15
2018-07-20 00:09:32	INFO	plotms::::	Will identify basebands with more than 4 bad spw
2018-07-20 00:09:32	INFO	plotms::::	Will identify individual spw when less than 4 bad spw
2018-07-20 00:09:32	INFO	plotms::::	Will use flag REASON = bad_deformatters_amp or RFI
2018-07-20 00:09:32	INFO	plotms::::	Will flag data based on what we found
2018-07-20 00:09:53	INFO	plotms::::	 Ant 0 (ea01) EVLA_L A0C0 processing spws=[0, 1, 2, 3, 4, 5, 6, 7]
2018-07-20 00:09:53	INFO	plotms::::	  Found Ant 0 (ea01) EVLA_L A0C0 spw=0 amp rat=0.1377
2018-07-20 00:09:53	INFO	plotms::::	  Found Ant 0 (ea01) EVLA_L A0C0 spw=4 amp rat=0.0754
2018-07-20 00:09:53	INFO	plotms::::	Ant 0 (ea01) EVLA_L A0C0 bad spws=[0, 4]
2018-07-20 00:09:53	INFO	plotms::::	 Ant 0 (ea01) EVLA_L B0D0 processing spws=[8, 9, 10, 11, 12]
2018-07-20 00:09:53	INFO	plotms::::	 Ant 1 (ea02) EVLA_L A0C0 processing spws=[0, 1, 2, 3, 4, 5, 6, 7]
2018-07-20 00:09:53	INFO	plotms::::	  Found Ant 1 (ea02) EVLA_L A0C0 spw=0 amp rat=0.1156
2018-07-20 00:09:53	INFO	plotms::::	  Found Ant 1 (ea02) EVLA_L A0C0 spw=4 amp rat=0.0838
2018-07-20 00:09:53	INFO	plotms::::	Ant 1 (ea02) EVLA_L A0C0 bad spws=[0, 4]
2018-07-20 00:09:53	INFO	plotms::::	 Ant 1 (ea02) EVLA_L B0D0 processing spws=[8, 9, 10, 11, 12]
2018-07-20 00:09:53	INFO	plotms::::	 Ant 2 (ea03) EVLA_L A0C0 processing spws=[0, 1, 2, 3, 4, 5, 6, 7]
2018-07-20 00:09:53	INFO	plotms::::	  Found Ant 2 (ea03) EVLA_L A0C0 spw=0 amp rat=0.1499
2018-07-20 00:09:53	INFO	plotms::::	  Found Ant 2 (ea03) EVLA_L A0C0 spw=4 amp rat=0.0706
2018-07-20 00:09:53	INFO	plotms::::	Ant 2 (ea03) EVLA_L A0C0 bad spws=[0, 4]
2018-07-20 00:09:53	INFO	plotms::::	 Ant 2 (ea03) EVLA_L B0D0 processing spws=[8, 9, 10, 11, 12]
2018-07-20 00:09:53	INFO	plotms::::	 Ant 3 (ea04) EVLA_L A0C0 processing spws=[0, 1, 2, 3, 4, 5, 6, 7]
2018-07-20 00:09:53	INFO	plotms::::	  Found Ant 3 (ea04) EVLA_L A0C0 spw=0 amp rat=0.0958
2018-07-20 00:09:53	INFO	plotms::::	  Found Ant 3 (ea04) EVLA_L A0C0 spw=4 amp rat=0.0548
2018-07-20 00:09:53	INFO	plotms::::	Ant 3 (ea04) EVLA_L A0C0 bad spws=[0, 4]
2018-07-20 00:09:53	INFO	plotms::::	 Ant 3 (ea04) EVLA_L B0D0 processing spws=[8, 9, 10, 11, 12]
2018-07-20 00:09:53	INFO	plotms::::	 Ant 4 (ea05) EVLA_L A0C0 processing spws=[0, 1, 2, 3, 4, 5, 6, 7]
2018-07-20 00:09:53	INFO	plotms::::	  Found Ant 4 (ea05) EVLA_L A0C0 spw=0 amp rat=0.1173
2018-07-20 00:09:53	INFO	plotms::::	  Found Ant 4 (ea05) EVLA_L A0C0 spw=4 amp rat=0.0523
2018-07-20 00:09:53	INFO	plotms::::	Ant 4 (ea05) EVLA_L A0C0 bad spws=[0, 4]
2018-07-20 00:09:53	INFO	plotms::::	 Ant 4 (ea05) EVLA_L B0D0 processing spws=[8, 9, 10, 11, 12]
2018-07-20 00:09:53	INFO	plotms::::	 Ant 5 (ea06) EVLA_L A0C0 processing spws=[0, 1, 2, 3, 4, 5, 6, 7]
2018-07-20 00:09:53	INFO	plotms::::	  Found Ant 5 (ea06) EVLA_L A0C0 spw=0 amp rat=0.1472
2018-07-20 00:09:53	INFO	plotms::::	  Found Ant 5 (ea06) EVLA_L A0C0 spw=4 amp rat=0.0698
2018-07-20 00:09:53	INFO	plotms::::	Ant 5 (ea06) EVLA_L A0C0 bad spws=[0, 4]
2018-07-20 00:09:53	INFO	plotms::::	 Ant 5 (ea06) EVLA_L B0D0 processing spws=[8, 9, 10, 11, 12]
2018-07-20 00:09:53	INFO	plotms::::	 Ant 6 (ea07) EVLA_L A0C0 processing spws=[0, 1, 2, 3, 4, 5, 6, 7]
2018-07-20 00:09:53	INFO	plotms::::	  Found Ant 6 (ea07) EVLA_L A0C0 spw=0 amp rat=0.0861
2018-07-20 00:09:53	INFO	plotms::::	  Found Ant 6 (ea07) EVLA_L A0C0 spw=4 amp rat=0.0659
2018-07-20 00:09:53	INFO	plotms::::	Ant 6 (ea07) EVLA_L A0C0 bad spws=[0, 4]
2018-07-20 00:09:53	INFO	plotms::::	 Ant 6 (ea07) EVLA_L B0D0 processing spws=[8, 9, 10, 11, 12]
2018-07-20 00:09:53	INFO	plotms::::	 Ant 7 (ea08) EVLA_L A0C0 processing spws=[0, 1, 2, 3, 4, 5, 6, 7]
2018-07-20 00:09:53	INFO	plotms::::	  Found Ant 7 (ea08) EVLA_L A0C0 spw=0 amp rat=0.1231
2018-07-20 00:09:53	INFO	plotms::::	  Found Ant 7 (ea08) EVLA_L A0C0 spw=4 amp rat=0.0404
2018-07-20 00:09:53	INFO	plotms::::	Ant 7 (ea08) EVLA_L A0C0 bad spws=[0, 4]
2018-07-20 00:09:53	INFO	plotms::::	 Ant 7 (ea08) EVLA_L B0D0 processing spws=[8, 9, 10, 11, 12]
2018-07-20 00:09:53	INFO	plotms::::	 Ant 8 (ea09) EVLA_L A0C0 processing spws=[0, 1, 2, 3, 4, 5, 6, 7]
2018-07-20 00:09:53	INFO	plotms::::	  Found Ant 8 (ea09) EVLA_L A0C0 spw=0 amp rat=0.0794
2018-07-20 00:09:53	INFO	plotms::::	  Found Ant 8 (ea09) EVLA_L A0C0 spw=4 amp rat=0.0548
2018-07-20 00:09:53	INFO	plotms::::	Ant 8 (ea09) EVLA_L A0C0 bad spws=[0, 4]
2018-07-20 00:09:53	INFO	plotms::::	 Ant 8 (ea09) EVLA_L B0D0 processing spws=[8, 9, 10, 11, 12]
2018-07-20 00:09:53	INFO	plotms::::	 Ant 9 (ea10) EVLA_L A0C0 processing spws=[0, 1, 2, 3, 4, 5, 6, 7]
2018-07-20 00:09:53	INFO	plotms::::	  Found Ant 9 (ea10) EVLA_L A0C0 spw=0 amp rat=0.1019
2018-07-20 00:09:53	INFO	plotms::::	  Found Ant 9 (ea10) EVLA_L A0C0 spw=4 amp rat=0.0744
2018-07-20 00:09:53	INFO	plotms::::	Ant 9 (ea10) EVLA_L A0C0 bad spws=[0, 4]
2018-07-20 00:09:53	INFO	plotms::::	 Ant 9 (ea10) EVLA_L B0D0 processing spws=[8, 9, 10, 11, 12]
2018-07-20 00:09:53	INFO	plotms::::	 Ant 10 (ea11) EVLA_L A0C0 processing spws=[0, 1, 2, 3, 4, 5, 6, 7]
2018-07-20 00:09:53	INFO	plotms::::	  Found Ant 10 (ea11) EVLA_L A0C0 spw=0 amp rat=0.1150
2018-07-20 00:09:53	INFO	plotms::::	  Found Ant 10 (ea11) EVLA_L A0C0 spw=4 amp rat=0.0036
2018-07-20 00:09:53	INFO	plotms::::	Ant 10 (ea11) EVLA_L A0C0 bad spws=[0, 4]
2018-07-20 00:09:53	INFO	plotms::::	 Ant 10 (ea11) EVLA_L B0D0 processing spws=[8, 9, 10, 11, 12]
2018-07-20 00:09:53	INFO	plotms::::	  Found Ant 10 (ea11) EVLA_L B0D0 spw=9 amp rat=0.0766
2018-07-20 00:09:53	INFO	plotms::::	Ant 10 (ea11) EVLA_L B0D0 bad spws=[9]
2018-07-20 00:09:53	INFO	plotms::::	 Ant 11 (ea12) EVLA_L A0C0 processing spws=[0, 1, 2, 3, 4, 5, 6, 7]
2018-07-20 00:09:53	INFO	plotms::::	  Found Ant 11 (ea12) EVLA_L A0C0 spw=4 amp rat=0.1135
2018-07-20 00:09:53	INFO	plotms::::	Ant 11 (ea12) EVLA_L A0C0 bad spws=[4]
2018-07-20 00:09:53	INFO	plotms::::	 Ant 11 (ea12) EVLA_L B0D0 processing spws=[8, 9, 10, 11, 12]
2018-07-20 00:09:53	INFO	plotms::::	 Ant 12 (ea13) EVLA_L A0C0 processing spws=[0, 1, 2, 3, 4, 5, 6, 7]
2018-07-20 00:09:53	INFO	plotms::::	  Found Ant 12 (ea13) EVLA_L A0C0 spw=0 amp rat=0.0969
2018-07-20 00:09:53	INFO	plotms::::	  Found Ant 12 (ea13) EVLA_L A0C0 spw=4 amp rat=0.0643
2018-07-20 00:09:53	INFO	plotms::::	Ant 12 (ea13) EVLA_L A0C0 bad spws=[0, 4]
2018-07-20 00:09:53	INFO	plotms::::	 Ant 12 (ea13) EVLA_L B0D0 processing spws=[8, 9, 10, 11, 12]
2018-07-20 00:09:53	INFO	plotms::::	  Found Ant 12 (ea13) EVLA_L B0D0 spw=9 amp rat=0.1009
2018-07-20 00:09:53	INFO	plotms::::	Ant 12 (ea13) EVLA_L B0D0 bad spws=[9]
2018-07-20 00:09:53	INFO	plotms::::	 Ant 13 (ea14) EVLA_L A0C0 processing spws=[0, 1, 2, 3, 4, 5, 6, 7]
2018-07-20 00:09:53	INFO	plotms::::	  Found Ant 13 (ea14) EVLA_L A0C0 spw=0 amp rat=0.0926
2018-07-20 00:09:53	INFO	plotms::::	  Found Ant 13 (ea14) EVLA_L A0C0 spw=4 amp rat=0.0763
2018-07-20 00:09:53	INFO	plotms::::	Ant 13 (ea14) EVLA_L A0C0 bad spws=[0, 4]
2018-07-20 00:09:53	INFO	plotms::::	 Ant 13 (ea14) EVLA_L B0D0 processing spws=[8, 9, 10, 11, 12]
2018-07-20 00:09:53	INFO	plotms::::	 Ant 14 (ea15) EVLA_L A0C0 processing spws=[0, 1, 2, 3, 4, 5, 6, 7]
2018-07-20 00:09:53	INFO	plotms::::	  Found Ant 14 (ea15) EVLA_L A0C0 spw=0 amp rat=0.1097
2018-07-20 00:09:53	INFO	plotms::::	  Found Ant 14 (ea15) EVLA_L A0C0 spw=4 amp rat=0.0602
2018-07-20 00:09:53	INFO	plotms::::	Ant 14 (ea15) EVLA_L A0C0 bad spws=[0, 4]
2018-07-20 00:09:53	INFO	plotms::::	 Ant 14 (ea15) EVLA_L B0D0 processing spws=[8, 9, 10, 11, 12]
2018-07-20 00:09:53	INFO	plotms::::	 Ant 15 (ea16) EVLA_L A0C0 processing spws=[0, 1, 2, 3, 4, 5, 6, 7]
2018-07-20 00:09:53	INFO	plotms::::	  Found Ant 15 (ea16) EVLA_L A0C0 spw=0 amp rat=0.0877
2018-07-20 00:09:53	INFO	plotms::::	  Found Ant 15 (ea16) EVLA_L A0C0 spw=4 amp rat=0.0800
2018-07-20 00:09:53	INFO	plotms::::	Ant 15 (ea16) EVLA_L A0C0 bad spws=[0, 4]
2018-07-20 00:09:53	INFO	plotms::::	 Ant 15 (ea16) EVLA_L B0D0 processing spws=[8, 9, 10, 11, 12]
2018-07-20 00:09:53	INFO	plotms::::	 Ant 16 (ea17) EVLA_L A0C0 processing spws=[0, 1, 2, 3, 4, 5, 6, 7]
2018-07-20 00:09:53	INFO	plotms::::	  Found Ant 16 (ea17) EVLA_L A0C0 spw=0 amp rat=0.1429
2018-07-20 00:09:53	INFO	plotms::::	  Found Ant 16 (ea17) EVLA_L A0C0 spw=4 amp rat=0.0677
2018-07-20 00:09:53	INFO	plotms::::	Ant 16 (ea17) EVLA_L A0C0 bad spws=[0, 4]
2018-07-20 00:09:53	INFO	plotms::::	 Ant 16 (ea17) EVLA_L B0D0 processing spws=[8, 9, 10, 11, 12]
2018-07-20 00:09:53	INFO	plotms::::	  Found Ant 16 (ea17) EVLA_L B0D0 spw=9 amp rat=0.1345
2018-07-20 00:09:53	INFO	plotms::::	Ant 16 (ea17) EVLA_L B0D0 bad spws=[9]
2018-07-20 00:09:53	INFO	plotms::::	 Ant 17 (ea18) EVLA_L A0C0 processing spws=[0, 1, 2, 3, 4, 5, 6, 7]
2018-07-20 00:09:53	INFO	plotms::::	  Found Ant 17 (ea18) EVLA_L A0C0 spw=0 amp rat=0.0126
2018-07-20 00:09:53	INFO	plotms::::	  Found Ant 17 (ea18) EVLA_L A0C0 spw=1 amp rat=0.0396
2018-07-20 00:09:53	INFO	plotms::::	  Found Ant 17 (ea18) EVLA_L A0C0 spw=2 amp rat=0.0358
2018-07-20 00:09:53	INFO	plotms::::	  Found Ant 17 (ea18) EVLA_L A0C0 spw=3 amp rat=0.0343
2018-07-20 00:09:53	INFO	plotms::::	  Found Ant 17 (ea18) EVLA_L A0C0 spw=4 amp rat=0.0653
2018-07-20 00:09:53	INFO	plotms::::	  Found Ant 17 (ea18) EVLA_L A0C0 spw=5 amp rat=0.0285
2018-07-20 00:09:53	INFO	plotms::::	  Found Ant 17 (ea18) EVLA_L A0C0 spw=6 amp rat=0.0321
2018-07-20 00:09:53	INFO	plotms::::	  Found Ant 17 (ea18) EVLA_L A0C0 spw=7 amp rat=0.0137
2018-07-20 00:09:53	INFO	plotms::::	Ant 17 (ea18) EVLA_L A0C0 bad baseband spws=[0, 1, 2, 3, 4, 5, 6, 7]
2018-07-20 00:09:53	INFO	plotms::::	 Ant 17 (ea18) EVLA_L B0D0 processing spws=[8, 9, 10, 11, 12]
2018-07-20 00:09:53	INFO	plotms::::	  Found Ant 17 (ea18) EVLA_L B0D0 spw=9 amp rat=0.1102
2018-07-20 00:09:53	INFO	plotms::::	Ant 17 (ea18) EVLA_L B0D0 bad spws=[9]
2018-07-20 00:09:53	INFO	plotms::::	 Ant 18 (ea19) EVLA_L A0C0 processing spws=[0, 1, 2, 3, 4, 5, 6, 7]
2018-07-20 00:09:53	INFO	plotms::::	  Found Ant 18 (ea19) EVLA_L A0C0 spw=0 amp rat=0.1258
2018-07-20 00:09:53	INFO	plotms::::	  Found Ant 18 (ea19) EVLA_L A0C0 spw=4 amp rat=0.0655
2018-07-20 00:09:53	INFO	plotms::::	Ant 18 (ea19) EVLA_L A0C0 bad spws=[0, 4]
2018-07-20 00:09:53	INFO	plotms::::	 Ant 18 (ea19) EVLA_L B0D0 processing spws=[8, 9, 10, 11, 12]
2018-07-20 00:09:53	INFO	plotms::::	  Found Ant 18 (ea19) EVLA_L B0D0 spw=9 amp rat=0.0937
2018-07-20 00:09:53	INFO	plotms::::	Ant 18 (ea19) EVLA_L B0D0 bad spws=[9]
2018-07-20 00:09:53	INFO	plotms::::	 Ant 19 (ea20) EVLA_L A0C0 processing spws=[0, 1, 2, 3, 4, 5, 6, 7]
2018-07-20 00:09:53	INFO	plotms::::	  Found Ant 19 (ea20) EVLA_L A0C0 spw=0 amp rat=0.1434
2018-07-20 00:09:53	INFO	plotms::::	  Found Ant 19 (ea20) EVLA_L A0C0 spw=4 amp rat=0.0728
2018-07-20 00:09:53	INFO	plotms::::	Ant 19 (ea20) EVLA_L A0C0 bad spws=[0, 4]
2018-07-20 00:09:53	INFO	plotms::::	 Ant 19 (ea20) EVLA_L B0D0 processing spws=[8, 9, 10, 11, 12]
2018-07-20 00:09:53	INFO	plotms::::	 Ant 20 (ea21) EVLA_L A0C0 processing spws=[0, 1, 2, 3, 4, 5, 6, 7]
2018-07-20 00:09:53	INFO	plotms::::	  Found Ant 20 (ea21) EVLA_L A0C0 spw=0 amp rat=0.1080
2018-07-20 00:09:53	INFO	plotms::::	  Found Ant 20 (ea21) EVLA_L A0C0 spw=4 amp rat=0.1087
2018-07-20 00:09:53	INFO	plotms::::	Ant 20 (ea21) EVLA_L A0C0 bad spws=[0, 4]
2018-07-20 00:09:53	INFO	plotms::::	 Ant 20 (ea21) EVLA_L B0D0 processing spws=[8, 9, 10, 11, 12]
2018-07-20 00:09:53	INFO	plotms::::	 Ant 21 (ea22) EVLA_L A0C0 processing spws=[0, 1, 2, 3, 4, 5, 6, 7]
2018-07-20 00:09:53	INFO	plotms::::	  Found Ant 21 (ea22) EVLA_L A0C0 spw=0 amp rat=0.0659
2018-07-20 00:09:53	INFO	plotms::::	  Found Ant 21 (ea22) EVLA_L A0C0 spw=4 amp rat=0.0626
2018-07-20 00:09:53	INFO	plotms::::	Ant 21 (ea22) EVLA_L A0C0 bad spws=[0, 4]
2018-07-20 00:09:53	INFO	plotms::::	 Ant 21 (ea22) EVLA_L B0D0 processing spws=[8, 9, 10, 11, 12]
2018-07-20 00:09:53	INFO	plotms::::	  Found Ant 21 (ea22) EVLA_L B0D0 spw=9 amp rat=0.1006
2018-07-20 00:09:53	INFO	plotms::::	Ant 21 (ea22) EVLA_L B0D0 bad spws=[9]
2018-07-20 00:09:53	INFO	plotms::::	 Ant 22 (ea23) EVLA_L A0C0 processing spws=[0, 1, 2, 3, 4, 5, 6, 7]
2018-07-20 00:09:53	INFO	plotms::::	  Found Ant 22 (ea23) EVLA_L A0C0 spw=0 amp rat=0.1078
2018-07-20 00:09:53	INFO	plotms::::	  Found Ant 22 (ea23) EVLA_L A0C0 spw=4 amp rat=0.0633
2018-07-20 00:09:53	INFO	plotms::::	Ant 22 (ea23) EVLA_L A0C0 bad spws=[0, 4]
2018-07-20 00:09:53	INFO	plotms::::	 Ant 22 (ea23) EVLA_L B0D0 processing spws=[8, 9, 10, 11, 12]
2018-07-20 00:09:53	INFO	plotms::::	 Ant 23 (ea24) EVLA_L A0C0 processing spws=[0, 1, 2, 3, 4, 5, 6, 7]
2018-07-20 00:09:53	INFO	plotms::::	  Found Ant 23 (ea24) EVLA_L A0C0 spw=0 amp rat=0.0878
2018-07-20 00:09:53	INFO	plotms::::	  Found Ant 23 (ea24) EVLA_L A0C0 spw=4 amp rat=0.0562
2018-07-20 00:09:53	INFO	plotms::::	Ant 23 (ea24) EVLA_L A0C0 bad spws=[0, 4]
2018-07-20 00:09:53	INFO	plotms::::	 Ant 23 (ea24) EVLA_L B0D0 processing spws=[8, 9, 10, 11, 12]
2018-07-20 00:09:53	INFO	plotms::::	 Ant 24 (ea25) EVLA_L A0C0 processing spws=[0, 1, 2, 3, 4, 5, 6, 7]
2018-07-20 00:09:53	INFO	plotms::::	  Found Ant 24 (ea25) EVLA_L A0C0 spw=0 amp rat=0.1260
2018-07-20 00:09:53	INFO	plotms::::	  Found Ant 24 (ea25) EVLA_L A0C0 spw=4 amp rat=0.0890
2018-07-20 00:09:53	INFO	plotms::::	Ant 24 (ea25) EVLA_L A0C0 bad spws=[0, 4]
2018-07-20 00:09:53	INFO	plotms::::	 Ant 24 (ea25) EVLA_L B0D0 processing spws=[8, 9, 10, 11, 12]
2018-07-20 00:09:53	INFO	plotms::::	  Found Ant 24 (ea25) EVLA_L B0D0 spw=9 amp rat=0.1018
2018-07-20 00:09:53	INFO	plotms::::	Ant 24 (ea25) EVLA_L B0D0 bad spws=[9]
2018-07-20 00:09:53	INFO	plotms::::	 Ant 25 (ea27) EVLA_L A0C0 processing spws=[0, 1, 2, 3, 4, 5, 6, 7]
2018-07-20 00:09:53	INFO	plotms::::	  Found Ant 25 (ea27) EVLA_L A0C0 spw=0 amp rat=0.1206
2018-07-20 00:09:53	INFO	plotms::::	  Found Ant 25 (ea27) EVLA_L A0C0 spw=4 amp rat=0.0590
2018-07-20 00:09:53	INFO	plotms::::	Ant 25 (ea27) EVLA_L A0C0 bad spws=[0, 4]
2018-07-20 00:09:53	INFO	plotms::::	 Ant 25 (ea27) EVLA_L B0D0 processing spws=[8, 9, 10, 11, 12]
2018-07-20 00:09:53	INFO	plotms::::	  Found Ant 25 (ea27) EVLA_L B0D0 spw=8 amp rat=0.0395
2018-07-20 00:09:53	INFO	plotms::::	  Found Ant 25 (ea27) EVLA_L B0D0 spw=12 amp rat=0.0294
2018-07-20 00:09:53	INFO	plotms::::	Ant 25 (ea27) EVLA_L B0D0 bad spws=[8, 12]
2018-07-20 00:09:53	INFO	plotms::::	Ant 25 (ea27) EVLA_L B0D0 no unflagged solutions spws=[9] 
2018-07-20 00:09:53	INFO	plotms::::	 Ant 26 (ea28) EVLA_L A0C0 processing spws=[0, 1, 2, 3, 4, 5, 6, 7]
2018-07-20 00:09:53	INFO	plotms::::	  Found Ant 26 (ea28) EVLA_L A0C0 spw=0 amp rat=0.0738
2018-07-20 00:09:53	INFO	plotms::::	  Found Ant 26 (ea28) EVLA_L A0C0 spw=4 amp rat=0.0666
2018-07-20 00:09:53	INFO	plotms::::	Ant 26 (ea28) EVLA_L A0C0 bad spws=[0, 4]
2018-07-20 00:09:53	INFO	plotms::::	 Ant 26 (ea28) EVLA_L B0D0 processing spws=[8, 9, 10, 11, 12]
2018-07-20 00:09:53	INFO	plotms::::	  Found Ant 26 (ea28) EVLA_L B0D0 spw=9 amp rat=0.1123
2018-07-20 00:09:53	INFO	plotms::::	Ant 26 (ea28) EVLA_L B0D0 bad spws=[9]
2018-07-20 00:09:53	INFO	plotms::::	Possible bad basebands/spws found:
2018-07-20 00:09:53	INFO	plotms::::	   mode='manual' antenna='ea01' spw='0,4'
2018-07-20 00:09:53	INFO	plotms::::	   mode='manual' antenna='ea02' spw='0,4'
2018-07-20 00:09:53	INFO	plotms::::	   mode='manual' antenna='ea03' spw='0,4'
2018-07-20 00:09:53	INFO	plotms::::	   mode='manual' antenna='ea04' spw='0,4'
2018-07-20 00:09:53	INFO	plotms::::	   mode='manual' antenna='ea05' spw='0,4'
2018-07-20 00:09:53	INFO	plotms::::	   mode='manual' antenna='ea06' spw='0,4'
2018-07-20 00:09:53	INFO	plotms::::	   mode='manual' antenna='ea07' spw='0,4'
2018-07-20 00:09:53	INFO	plotms::::	   mode='manual' antenna='ea08' spw='0,4'
2018-07-20 00:09:53	INFO	plotms::::	   mode='manual' antenna='ea09' spw='0,4'
2018-07-20 00:09:53	INFO	plotms::::	   mode='manual' antenna='ea10' spw='0,4'
2018-07-20 00:09:53	INFO	plotms::::	   mode='manual' antenna='ea11' spw='0,4,9'
2018-07-20 00:09:53	INFO	plotms::::	   mode='manual' antenna='ea12' spw='4'
2018-07-20 00:09:53	INFO	plotms::::	   mode='manual' antenna='ea13' spw='0,4,9'
2018-07-20 00:09:53	INFO	plotms::::	   mode='manual' antenna='ea14' spw='0,4'
2018-07-20 00:09:53	INFO	plotms::::	   mode='manual' antenna='ea15' spw='0,4'
2018-07-20 00:09:53	INFO	plotms::::	   mode='manual' antenna='ea16' spw='0,4'
2018-07-20 00:09:53	INFO	plotms::::	   mode='manual' antenna='ea17' spw='0,4,9'
2018-07-20 00:09:53	INFO	plotms::::	   mode='manual' antenna='ea18' spw='0,1,2,3,4,5,6,7,9'
2018-07-20 00:09:53	INFO	plotms::::	   mode='manual' antenna='ea19' spw='0,4,9'
2018-07-20 00:09:53	INFO	plotms::::	   mode='manual' antenna='ea20' spw='0,4'
2018-07-20 00:09:53	INFO	plotms::::	   mode='manual' antenna='ea21' spw='0,4'
2018-07-20 00:09:53	INFO	plotms::::	   mode='manual' antenna='ea22' spw='0,4,9'
2018-07-20 00:09:53	INFO	plotms::::	   mode='manual' antenna='ea23' spw='0,4'
2018-07-20 00:09:53	INFO	plotms::::	   mode='manual' antenna='ea24' spw='0,4'
2018-07-20 00:09:53	INFO	plotms::::	   mode='manual' antenna='ea25' spw='0,4,9'
2018-07-20 00:09:53	INFO	plotms::::	   mode='manual' antenna='ea27' spw='0,4,8,12'
2018-07-20 00:09:53	INFO	plotms::::	   mode='manual' antenna='ea28' spw='0,4,9'
2018-07-20 00:09:53	INFO	plotms::::	Flagging these in the ms:
2018-07-20 00:11:41	INFO	flagdata::::	QA2 score: Pass
2018-07-20 00:11:41	INFO	flagdata::::	Finished EVLA_pipe_flag_baddeformatters.py
