2018-07-19 19:24:00	INFO	plotms::::	Starting EVLA_pipe_flagall.py
2018-07-19 19:24:00	INFO	plotms::::	Deterministic flagging
2018-07-19 19:24:00	INFO	plotms::::	Determine fraction of time on-source (may not be correct for pipeline re-runs on datasets already flagged)
2018-07-19 21:22:33	INFO	plotms::::	Starting EVLA_pipe_flagall.py
2018-07-19 21:22:33	INFO	plotms::::	Deterministic flagging
2018-07-19 21:22:33	INFO	plotms::::	Determine fraction of time on-source (may not be correct for pipeline re-runs on datasets already flagged)
2018-07-19 21:34:37	INFO	flagdata::::	Initial flags summary
2018-07-19 21:34:37	INFO	flagdata::::	Initial flagged fraction = 0.0
2018-07-19 21:35:55	INFO	flagcmd::::	ANTENNA_NOT_ON_SOURCE flags carried out
2018-07-19 21:48:57	INFO	flagdata::::	Initial on-source fraction = 0.963623288107
2018-07-19 22:22:06	INFO	flagdata::::	Zero flags carried out
2018-07-19 22:34:27	INFO	flagdata::::	Zero flags summary
2018-07-19 22:34:27	INFO	flagdata::::	After ZERO flagged fraction = 1.16910245176e-06
2018-07-19 22:34:27	INFO	flagdata::::	Delta ZERO flagged fraction = 1.16910245176e-06
2018-07-19 22:35:28	INFO	flagdata::::	Shadow flags carried out
2018-07-19 22:47:43	INFO	flagdata::::	Shadow flags summary
2018-07-19 22:47:43	INFO	flagdata::::	After SHADOW flagged fraction = 1.16910245176e-06
2018-07-19 22:47:43	INFO	flagdata::::	Delta SHADOW flagged fraction = 0.0
2018-07-19 22:48:23	INFO	flagcmd::::	Online flags applied
2018-07-19 22:48:23	INFO	flagcmd::::	Flag setup scans
2018-07-19 22:48:23	INFO	flagcmd::::	Flag setup scans
2018-07-19 22:48:23	INFO	flagcmd::::	Quack the data
2018-07-19 22:48:23	INFO	flagcmd::::	Flag end 5 percent of each spw or minimum of 3 channels
2018-07-19 22:48:23	INFO	flagcmd::::	Applying all flags to data
2018-07-19 22:49:38	INFO	flagdata::::	Flagging completed 
2018-07-19 22:49:38	INFO	flagdata::::	Flag commands saved in file flagging_commands1.txt
2018-07-19 22:49:38	INFO	flagdata::::	Saving flags
2018-07-19 22:50:15	INFO	flagmanager::::	Flag column saved to allflags1
2018-07-19 23:03:13	INFO	flagdata::::	Fraction of on-source data flagged = 0.0992377722888
2018-07-19 23:03:13	INFO	flagdata::::	Finished EVLA_pipe_flagall.py
2018-07-19 23:03:13	INFO	flagdata::::	QA2 score: Pass
