2018-07-20 02:09:59	INFO	plotcal::::	Starting EVLA_pipe_fluxgains.py
2018-07-20 02:09:59	INFO	plotcal::::	Setting models for standard primary calibrators
2018-07-20 02:09:59	INFO	plotcal::::	Center freq for spw 0 = 1052000000.0, observing band = L
2018-07-20 02:09:59	INFO	plotcal::::	Setting model for field 2 spw 0 using 3C286_L.im
2018-07-20 02:10:00	INFO	setjy::::	Center freq for spw 1 = 1180000000.0, observing band = L
2018-07-20 02:10:00	INFO	setjy::::	Setting model for field 2 spw 1 using 3C286_L.im
2018-07-20 02:10:02	INFO	setjy::::	Center freq for spw 2 = 1308000000.0, observing band = L
2018-07-20 02:10:02	INFO	setjy::::	Setting model for field 2 spw 2 using 3C286_L.im
2018-07-20 02:10:05	INFO	setjy::::	Center freq for spw 3 = 1436000000.0, observing band = L
2018-07-20 02:10:05	INFO	setjy::::	Setting model for field 2 spw 3 using 3C286_L.im
2018-07-20 02:10:09	INFO	setjy::::	Center freq for spw 4 = 1564000000.0, observing band = L
2018-07-20 02:10:09	INFO	setjy::::	Setting model for field 2 spw 4 using 3C286_L.im
2018-07-20 02:10:09	INFO	setjy::::	Center freq for spw 5 = 1692000000.0, observing band = L
2018-07-20 02:10:09	INFO	setjy::::	Setting model for field 2 spw 5 using 3C286_L.im
2018-07-20 02:10:12	INFO	setjy::::	Center freq for spw 6 = 1820000000.0, observing band = L
2018-07-20 02:10:12	INFO	setjy::::	Setting model for field 2 spw 6 using 3C286_L.im
2018-07-20 02:10:15	INFO	setjy::::	Center freq for spw 7 = 1948000000.0, observing band = L
2018-07-20 02:10:15	INFO	setjy::::	Setting model for field 2 spw 7 using 3C286_L.im
2018-07-20 02:10:15	INFO	setjy::::	Center freq for spw 8 = 1407457156.0, observing band = L
2018-07-20 02:10:15	INFO	setjy::::	Setting model for field 2 spw 8 using 3C286_L.im
2018-07-20 02:10:19	INFO	setjy::::	Center freq for spw 9 = 1597532710.0, observing band = L
2018-07-20 02:10:19	INFO	setjy::::	Setting model for field 2 spw 9 using 3C286_L.im
2018-07-20 02:10:19	INFO	setjy::::	Center freq for spw 10 = 1650218006.0, observing band = L
2018-07-20 02:10:19	INFO	setjy::::	Setting model for field 2 spw 10 using 3C286_L.im
2018-07-20 02:10:22	INFO	setjy::::	Center freq for spw 11 = 1652160138.0, observing band = L
2018-07-20 02:10:22	INFO	setjy::::	Setting model for field 2 spw 11 using 3C286_L.im
2018-07-20 02:10:25	INFO	setjy::::	Center freq for spw 12 = 1704845434.0, observing band = L
2018-07-20 02:10:25	INFO	setjy::::	Setting model for field 2 spw 12 using 3C286_L.im
2018-07-20 02:10:28	INFO	setjy::::	Making gain tables for flux density bootstrapping
2018-07-20 02:10:28	INFO	setjy::::	Short solint = 3.0s
2018-07-20 02:10:28	INFO	setjy::::	Long solint = 702.959999879s
2018-07-20 02:10:37	INFO	flagdata::::	The pipeline will use antenna(s) ea11,ea25,ea19,ea28 as the reference
2018-07-20 02:12:42	INFO	gaincal::::	Gain table fluxgaincal.g is ready for flagging
2018-07-20 02:12:42	INFO	gaincal::::	QA2 score: Pass
2018-07-20 02:12:42	INFO	gaincal::::	Finished EVLA_pipe_fluxgains.py
