2018-07-19 19:23:01	INFO	importevla::::	Starting EVLA_pipe_msinfo.py
2018-07-19 19:23:01	INFO	importevla::::	Listing ms contents
2018-07-19 19:23:04	INFO	listobs::::	unique band string = L
2018-07-19 19:23:15	INFO	listobs::::	Maximum integration time is 3.0s
2018-07-19 19:23:15	INFO	listobs::::	Bottom ends of baseband filters are spws: []
2018-07-19 19:23:15	INFO	listobs::::	Top ends of baseband filters are spws: []
2018-07-19 19:23:16	INFO	listobs::::	Flux density calibrator(s) scans are 20
2018-07-19 19:23:16	INFO	listobs::::	Flux density calibrator(s) are fields 2
2018-07-19 19:23:16	INFO	listobs::::	Bandpass calibrator(s) scans are 20
2018-07-19 19:23:16	INFO	listobs::::	Bandpass calibrator(s) are fields 2
2018-07-19 19:23:16	INFO	listobs::::	No delay calibration scans defined, using bandpass calibrator
2018-07-19 19:23:16	INFO	listobs::::	Delay calibrator(s) scans are 20
2018-07-19 19:23:16	INFO	listobs::::	Delay calibrator(s) are fields 2
2018-07-19 19:23:16	INFO	listobs::::	No polarization calibration scans defined, no polarization calibration possible
2018-07-19 19:23:16	INFO	listobs::::	Phase calibrator(s) scans are 2,3,7,11,15,19
2018-07-19 19:23:16	INFO	listobs::::	Phase calibrator(s) are fields 0
2018-07-19 19:23:16	INFO	listobs::::	Amplitude calibrator(s) scans are 2,3,7,11,15,19
2018-07-19 19:23:16	INFO	listobs::::	Amplitude calibrator(s) are fields 0
2018-07-19 19:23:23	INFO	plotweather::::	Zenith opacities based on weather data are: [0.0052742044759281096, 0.0054091861656653034, 0.0054928924085996455, 0.0055727206765657043, 0.0056266053074786474, 0.0056795453884909107, 0.0057190728606946141, 0.0057580819752477939, 0.0055864329373527854, 0.0056655251330122204, 0.0056851712613485038, 0.0056857710079785493, 0.0057020406687065496]
2018-07-19 19:23:37	INFO	plotweather::::	Correlations shown in plotms will be LL,RR
2018-07-19 19:23:37	INFO	plotweather::::	Bands/basebands/spws are:
2018-07-19 19:23:37	INFO	plotweather::::	L   A0C0   [0,1,2,3,4,5,6,7]   [0,1,2,3,4,5,6,7]
2018-07-19 19:23:37	INFO	plotweather::::	L   B0D0   [8,9,10,11,12]   [8,9,10,11,12]
2018-07-19 19:23:37	INFO	plotweather::::	No missing scans found.
2018-07-19 19:23:37	INFO	plotweather::::	Plotting online flags
2018-07-19 19:23:38	INFO	flagcmd::::	Online flags plot onlineFlags.png
2018-07-19 19:23:38	INFO	flagcmd::::	Plotting antenna positions
2018-07-19 19:23:41	INFO	plotants::::	Antenna positions plot plotants.png
2018-07-19 19:23:41	INFO	plotants::::	Plotting elevation vs. time for all fields
2018-07-19 19:24:00	INFO	plotms::::	Elevation vs. time plot el_vs_time.png
2018-07-19 19:24:00	INFO	plotms::::	Finished EVLA_pipe_msinfo.py
2018-07-19 19:24:00	INFO	plotms::::	QA2 score: Pass
2018-07-19 20:46:37	INFO	default::::	Starting EVLA_pipe_msinfo.py
2018-07-19 20:46:37	INFO	default::::	Listing ms contents
2018-07-19 20:46:40	INFO	listobs::::	unique band string = L
2018-07-19 20:46:52	INFO	listobs::::	Maximum integration time is 3.0s
2018-07-19 20:46:52	INFO	listobs::::	Bottom ends of baseband filters are spws: []
2018-07-19 20:46:52	INFO	listobs::::	Top ends of baseband filters are spws: []
2018-07-19 20:46:53	INFO	listobs::::	Flux density calibrator(s) scans are 20
2018-07-19 20:46:53	INFO	listobs::::	Flux density calibrator(s) are fields 2
2018-07-19 20:46:53	INFO	listobs::::	Bandpass calibrator(s) scans are 20
2018-07-19 20:46:53	INFO	listobs::::	Bandpass calibrator(s) are fields 2
2018-07-19 20:46:53	INFO	listobs::::	No delay calibration scans defined, using bandpass calibrator
2018-07-19 20:46:53	INFO	listobs::::	Delay calibrator(s) scans are 20
2018-07-19 20:46:53	INFO	listobs::::	Delay calibrator(s) are fields 2
2018-07-19 20:46:53	INFO	listobs::::	No polarization calibration scans defined, no polarization calibration possible
2018-07-19 20:46:53	INFO	listobs::::	Phase calibrator(s) scans are 2,3,7,11,15,19
2018-07-19 20:46:53	INFO	listobs::::	Phase calibrator(s) are fields 0
2018-07-19 20:46:54	INFO	listobs::::	Amplitude calibrator(s) scans are 2,3,7,11,15,19
2018-07-19 20:46:54	INFO	listobs::::	Amplitude calibrator(s) are fields 0
2018-07-19 20:47:00	INFO	plotweather::::	Zenith opacities based on weather data are: [0.0052742044759281096, 0.0054091861656653034, 0.0054928924085996455, 0.0055727206765657043, 0.0056266053074786474, 0.0056795453884909107, 0.0057190728606946141, 0.0057580819752477939, 0.0055864329373527854, 0.0056655251330122204, 0.0056851712613485038, 0.0056857710079785493, 0.0057020406687065496]
2018-07-19 20:47:14	INFO	plotweather::::	Correlations shown in plotms will be LL,RR
2018-07-19 20:47:14	INFO	plotweather::::	Bands/basebands/spws are:
2018-07-19 20:47:14	INFO	plotweather::::	L   A0C0   [0,1,2,3,4,5,6,7]   [0,1,2,3,4,5,6,7]
2018-07-19 20:47:14	INFO	plotweather::::	L   B0D0   [8,9,10,11,12]   [8,9,10,11,12]
2018-07-19 20:47:14	INFO	plotweather::::	No missing scans found.
2018-07-19 20:47:14	INFO	plotweather::::	Plotting online flags
2018-07-19 20:47:15	INFO	flagcmd::::	Online flags plot onlineFlags.png
2018-07-19 20:47:15	INFO	flagcmd::::	Plotting antenna positions
2018-07-19 20:47:17	INFO	plotants::::	Antenna positions plot plotants.png
2018-07-19 20:47:17	INFO	plotants::::	Plotting elevation vs. time for all fields
2018-07-19 20:47:36	INFO	plotms::::	Elevation vs. time plot el_vs_time.png
2018-07-19 20:47:36	INFO	plotms::::	Finished EVLA_pipe_msinfo.py
2018-07-19 20:47:36	INFO	plotms::::	QA2 score: Pass
2018-07-19 21:21:38	INFO	plotms::::	Starting EVLA_pipe_msinfo.py
2018-07-19 21:21:38	INFO	plotms::::	Listing ms contents
2018-07-19 21:21:40	INFO	listobs::::	unique band string = L
2018-07-19 21:21:51	INFO	listobs::::	Maximum integration time is 3.0s
2018-07-19 21:21:51	INFO	listobs::::	Bottom ends of baseband filters are spws: []
2018-07-19 21:21:51	INFO	listobs::::	Top ends of baseband filters are spws: []
2018-07-19 21:21:51	INFO	listobs::::	Flux density calibrator(s) scans are 20
2018-07-19 21:21:51	INFO	listobs::::	Flux density calibrator(s) are fields 2
2018-07-19 21:21:51	INFO	listobs::::	Bandpass calibrator(s) scans are 20
2018-07-19 21:21:51	INFO	listobs::::	Bandpass calibrator(s) are fields 2
2018-07-19 21:21:51	INFO	listobs::::	No delay calibration scans defined, using bandpass calibrator
2018-07-19 21:21:51	INFO	listobs::::	Delay calibrator(s) scans are 20
2018-07-19 21:21:51	INFO	listobs::::	Delay calibrator(s) are fields 2
2018-07-19 21:21:51	INFO	listobs::::	No polarization calibration scans defined, no polarization calibration possible
2018-07-19 21:21:52	INFO	listobs::::	Phase calibrator(s) scans are 2,3,7,11,15,19
2018-07-19 21:21:52	INFO	listobs::::	Phase calibrator(s) are fields 0
2018-07-19 21:21:52	INFO	listobs::::	Amplitude calibrator(s) scans are 2,3,7,11,15,19
2018-07-19 21:21:52	INFO	listobs::::	Amplitude calibrator(s) are fields 0
2018-07-19 21:21:58	INFO	plotweather::::	Zenith opacities based on weather data are: [0.0052742044759281096, 0.0054091861656653034, 0.0054928924085996455, 0.0055727206765657043, 0.0056266053074786474, 0.0056795453884909107, 0.0057190728606946141, 0.0057580819752477939, 0.0055864329373527854, 0.0056655251330122204, 0.0056851712613485038, 0.0056857710079785493, 0.0057020406687065496]
2018-07-19 21:22:12	INFO	plotweather::::	Correlations shown in plotms will be LL,RR
2018-07-19 21:22:12	INFO	plotweather::::	Bands/basebands/spws are:
2018-07-19 21:22:12	INFO	plotweather::::	L   A0C0   [0,1,2,3,4,5,6,7]   [0,1,2,3,4,5,6,7]
2018-07-19 21:22:12	INFO	plotweather::::	L   B0D0   [8,9,10,11,12]   [8,9,10,11,12]
2018-07-19 21:22:12	INFO	plotweather::::	No missing scans found.
2018-07-19 21:22:12	INFO	plotweather::::	Plotting online flags
2018-07-19 21:22:13	INFO	flagcmd::::	Online flags plot onlineFlags.png
2018-07-19 21:22:13	INFO	flagcmd::::	Plotting antenna positions
2018-07-19 21:22:15	INFO	plotants::::	Antenna positions plot plotants.png
2018-07-19 21:22:15	INFO	plotants::::	Plotting elevation vs. time for all fields
2018-07-19 21:22:33	INFO	plotms::::	Elevation vs. time plot el_vs_time.png
2018-07-19 21:22:33	INFO	plotms::::	Finished EVLA_pipe_msinfo.py
2018-07-19 21:22:33	INFO	plotms::::	QA2 score: Pass
