2018-07-20 01:37:15	INFO	flagdata::::	Starting EVLA_pipe_semiFinalBPdcals2.py
2018-07-20 01:37:15	INFO	flagdata::::	Finding a reference antenna for semi-final delay and BP calibrations
2018-07-20 01:37:56	INFO	flagdata::::	The pipeline will use antenna ea25 as the reference
2018-07-20 01:41:55	INFO	gaincal::::	Fraction of flagged solutions = 0.0288065843621
2018-07-20 01:41:55	INFO	gaincal::::	Median fraction of flagged solutions per antenna = 0.0
2018-07-20 01:41:55	INFO	gaincal::::	Delay calibration complete
2018-07-20 01:41:55	INFO	gaincal::::	Plotting delays
2018-07-20 01:43:26	INFO	gaincal::::	Initial gain calibration on BP calibrator complete
2018-07-20 01:43:26	INFO	gaincal::::	Plotting initial phase gain calibration on BP calibrator
2018-07-20 01:46:35	INFO	bandpass::::	Bandpass calibration complete
2018-07-20 01:46:35	INFO	bandpass::::	Fraction of flagged solutions = 0.123456790123
2018-07-20 01:46:35	INFO	bandpass::::	Median fraction of flagged solutions per antenna = 0.0974392361111
2018-07-20 01:46:35	INFO	bandpass::::	Plotting bandpass solutions
2018-07-20 01:58:19	INFO	plotcal::::	Plotting complete
2018-07-20 01:58:19	INFO	plotcal::::	Applying semi-final delay and BP calibrations to all calibrators
2018-07-20 02:04:13	INFO	applycal::::	Plot calibrated calibrators to check for further flagging/RFI
2018-07-20 02:07:43	INFO	plotms::::	QA2_delay: Pass
2018-07-20 02:07:43	INFO	plotms::::	QA2_BP: Pass
2018-07-20 02:07:43	INFO	plotms::::	QA2 score: Pass
2018-07-20 02:07:43	INFO	plotms::::	Finished EVLA_pipe_semiFinalBPdcals2.py
