2018-07-20 00:17:56	INFO	flagdata::::	Starting EVLA_pipe_semiFinalBPdcals1.py
2018-07-20 00:17:56	INFO	flagdata::::	Finding a reference antenna for semi-final delay and BP calibrations
2018-07-20 00:18:36	INFO	flagdata::::	The pipeline will use antenna ea11 as the reference
2018-07-20 00:22:40	INFO	gaincal::::	Fraction of flagged solutions = 0.0288065843621
2018-07-20 00:22:40	INFO	gaincal::::	Median fraction of flagged solutions per antenna = 0.0
2018-07-20 00:22:40	INFO	gaincal::::	Delay calibration complete
2018-07-20 00:22:40	INFO	gaincal::::	Plotting delays
2018-07-20 00:24:13	INFO	gaincal::::	Initial gain calibration on BP calibrator complete
2018-07-20 00:24:13	INFO	gaincal::::	Plotting initial phase gain calibration on BP calibrator
2018-07-20 00:27:28	INFO	bandpass::::	Bandpass calibration complete
2018-07-20 00:27:28	INFO	bandpass::::	Fraction of flagged solutions = 0.122616865998
2018-07-20 00:27:28	INFO	bandpass::::	Median fraction of flagged solutions per antenna = 0.0965711805556
2018-07-20 00:27:28	INFO	bandpass::::	Plotting bandpass solutions
2018-07-20 00:39:26	INFO	plotcal::::	Plotting complete
2018-07-20 00:39:26	INFO	plotcal::::	Applying semi-final delay and BP calibrations to all calibrators
2018-07-20 00:53:15	INFO	applycal::::	Plot calibrated calibrators to check for further flagging/RFI
2018-07-20 00:56:38	INFO	plotms::::	QA2_delay: Pass
2018-07-20 00:56:38	INFO	plotms::::	QA2_BP: Pass
2018-07-20 00:56:38	INFO	plotms::::	QA2 score: Pass
2018-07-20 00:56:38	INFO	plotms::::	Finished EVLA_pipe_semiFinalBPdcals1.py
