2018-07-19 17:55:26	INFO	importevla::::	Starting EVLA_pipe_startup.py
2018-07-19 17:55:26	INFO	importevla::::	SVN revision 11nnn
2018-07-19 17:55:26	INFO	importevla::::	EVLA prototype pipeline reduction
2018-07-19 17:55:26	INFO	importevla::::	version 1.4.0 created on 2017Mar08
2018-07-19 17:55:26	INFO	importevla::::	running from path: /home/idchiang/idc_lib/VLA_scripted_pipeline/
2018-07-19 17:55:26	INFO	importevla::::	SDM used is: 14A-468.sb29639312.eb29693960.56920.90377532407
2018-07-19 17:55:26	INFO	importevla::::	Finished EVLA_pipe_startup.py
2018-07-19 19:11:05	INFO	importevla::::	Starting EVLA_pipe_startup.py
2018-07-19 19:11:05	INFO	importevla::::	SVN revision 11nnn
2018-07-19 19:11:05	INFO	importevla::::	EVLA prototype pipeline reduction
2018-07-19 19:11:05	INFO	importevla::::	version 1.4.0 created on 2017Mar08
2018-07-19 19:11:05	INFO	importevla::::	running from path: /home/idchiang/idc_lib/VLA_scripted_pipeline/
2018-07-19 19:11:05	INFO	importevla::::	SDM used is: 14A-468.sb29639312.eb29693960.56920.90377532407
2018-07-19 19:11:05	INFO	importevla::::	Finished EVLA_pipe_startup.py
2018-07-19 19:11:55	INFO	importevla::::	Starting EVLA_pipe_startup.py
2018-07-19 19:11:55	INFO	importevla::::	SVN revision 11nnn
2018-07-19 19:11:55	INFO	importevla::::	EVLA prototype pipeline reduction
2018-07-19 19:11:55	INFO	importevla::::	version 1.4.0 created on 2017Mar08
2018-07-19 19:11:55	INFO	importevla::::	running from path: /home/idchiang/idc_lib/VLA_scripted_pipeline/
2018-07-19 19:11:55	INFO	importevla::::	SDM used is: 14A-468.sb29639312.eb29693960.56920.90377532407
2018-07-19 19:11:55	INFO	importevla::::	Finished EVLA_pipe_startup.py
2018-07-19 20:46:30	INFO	default::::	Starting EVLA_pipe_startup.py
2018-07-19 20:46:30	INFO	default::::	SVN revision 11nnn
2018-07-19 20:46:30	INFO	default::::	EVLA prototype pipeline reduction
2018-07-19 20:46:30	INFO	default::::	version 1.4.0 created on 2017Mar08
2018-07-19 20:46:30	INFO	default::::	running from path: /home/idchiang/idc_lib/VLA_scripted_pipeline/
2018-07-19 20:46:30	INFO	default::::	SDM used is: 14A-468.sb29639312.eb29693960.56920.90377532407
2018-07-19 20:46:30	INFO	default::::	Finished EVLA_pipe_startup.py
2018-07-19 21:21:38	INFO	plotms::::	Starting EVLA_pipe_startup.py
2018-07-19 21:21:38	INFO	plotms::::	SVN revision 11nnn
2018-07-19 21:21:38	INFO	plotms::::	EVLA prototype pipeline reduction
2018-07-19 21:21:38	INFO	plotms::::	version 1.4.0 created on 2017Mar08
2018-07-19 21:21:38	INFO	plotms::::	running from path: /home/idchiang/idc_lib/VLA_scripted_pipeline/
2018-07-19 21:21:38	INFO	plotms::::	SDM used is: 14A-468.sb29639312.eb29693960.56920.90377532407
2018-07-19 21:21:38	INFO	plotms::::	Finished EVLA_pipe_startup.py
