startup: 0.0496308803558 sec 
import: 647.916982174 sec 
startup: 0.0377519130707 sec 
import: 0.000846147537231 sec 
startup: 0.018651008606 sec 
import: 0.000494003295898 sec 
msinfo: 58.1788341999 sec 
startup: 0.546425104141 sec 
import: 0.00398516654968 sec 
msinfo: 58.3629829884 sec 
startup: 0.168657064438 sec 
import: 0.00332689285278 sec 
msinfo: 55.5810940266 sec 
flagall: 6039.28736305 sec 
calprep: 92.2597460747 sec 
priorcals: 334.820314884 sec 
testBPdcals: 3552.52219009 sec 
flag_baddeformatters: 128.305634022 sec 
flag_baddeformattersphase: 115.906786919 sec 
checkflag: 258.86774087 sec 
semiFinalBPdcals1: 2322.74018216 sec 
checkflag_semiFinal: 1333.65176487 sec 
semiFinalBPdcals2: 1827.91472292 sec 
solint: 66.4130542278 sec 
testgains: 70.0976831913 sec 
fluxgains: 163.248575926 sec 
fluxboot: 306.069732904 sec 
finalcals: 2131.14028502 sec 
applycals: 5837.1112268 sec 
targetflag: 8054.63123798 sec 
targetflag: 632.138229847 sec 
plotsummary: 5127.25718999 sec 
2018-07-20 08:20:51	INFO	plotms::::	Completed on Fri, 20 Jul 2018 08:20:51 +0000 with pipeline SVN revision 11nnn
filecollect: 167.33977294 sec 
